<?xml version="1.0" encoding="UTF-8"?>
<coverage generated="1611372262959" clover="3.2.0">
  <project timestamp="1611372262959" name="All files">
    <metrics statements="11" coveredstatements="11" conditionals="4" coveredconditionals="4" methods="3" coveredmethods="3" elements="18" coveredelements="18" complexity="0" loc="11" ncloc="11" packages="1" files="1" classes="1"/>
    <file name="dna.js" path="/Users/raulmac/git_repos/JS130/challenges/easy2/lib/dna.js">
      <metrics statements="11" coveredstatements="11" conditionals="4" coveredconditionals="4" methods="3" coveredmethods="3"/>
      <line num="28" count="9" type="stmt"/>
      <line num="35" count="11" type="cond" truecount="2" falsecount="0"/>
      <line num="36" count="8" type="stmt"/>
      <line num="38" count="3" type="stmt"/>
      <line num="41" count="11" type="stmt"/>
      <line num="42" count="11" type="stmt"/>
      <line num="43" count="108" type="stmt"/>
      <line num="44" count="108" type="cond" truecount="2" falsecount="0"/>
      <line num="45" count="39" type="stmt"/>
      <line num="49" count="11" type="stmt"/>
      <line num="53" count="1" type="stmt"/>
    </file>
  </project>
</coverage>
