{"/Users/raulmac/git_repos/JS130/challenges/easy2/lib/dna.js": {"path":"/Users/raulmac/git_repos/JS130/challenges/easy2/lib/dna.js","statementMap":{"0":{"start":{"line":28,"column":4},"end":{"line":28,"column":25}},"1":{"start":{"line":35,"column":4},"end":{"line":39,"column":5}},"2":{"start":{"line":36,"column":6},"end":{"line":36,"column":58}},"3":{"start":{"line":38,"column":6},"end":{"line":38,"column":58}},"4":{"start":{"line":41,"column":19},"end":{"line":41,"column":20}},"5":{"start":{"line":42,"column":4},"end":{"line":47,"column":7}},"6":{"start":{"line":43,"column":24},"end":{"line":43,"column":36}},"7":{"start":{"line":44,"column":6},"end":{"line":46,"column":7}},"8":{"start":{"line":45,"column":8},"end":{"line":45,"column":22}},"9":{"start":{"line":49,"column":4},"end":{"line":49,"column":20}},"10":{"start":{"line":53,"column":0},"end":{"line":53,"column":21}}},"fnMap":{"0":{"name":"(anonymous_0)","decl":{"start":{"line":27,"column":2},"end":{"line":27,"column":3}},"loc":{"start":{"line":27,"column":23},"end":{"line":29,"column":3}},"line":27},"1":{"name":"(anonymous_1)","decl":{"start":{"line":31,"column":2},"end":{"line":31,"column":3}},"loc":{"start":{"line":31,"column":35},"end":{"line":50,"column":3}},"line":31},"2":{"name":"(anonymous_2)","decl":{"start":{"line":42,"column":30},"end":{"line":42,"column":31}},"loc":{"start":{"line":42,"column":52},"end":{"line":47,"column":5}},"line":42}},"branchMap":{"0":{"loc":{"start":{"line":35,"column":4},"end":{"line":39,"column":5}},"type":"if","locations":[{"start":{"line":35,"column":4},"end":{"line":39,"column":5}},{"start":{"line":35,"column":4},"end":{"line":39,"column":5}}],"line":35},"1":{"loc":{"start":{"line":44,"column":6},"end":{"line":46,"column":7}},"type":"if","locations":[{"start":{"line":44,"column":6},"end":{"line":46,"column":7}},{"start":{"line":44,"column":6},"end":{"line":46,"column":7}}],"line":44}},"s":{"0":9,"1":11,"2":8,"3":3,"4":11,"5":11,"6":108,"7":108,"8":39,"9":11,"10":1},"f":{"0":9,"1":11,"2":108},"b":{"0":[8,3],"1":[39,69]},"_coverageSchema":"1a1c01bbd47fc00a2c39e90264f33305004495a9","hash":"89c7f6c6661bbfaea05d5915a5e1e92da7aad4e7"}
}
