<?xml version="1.0" encoding="UTF-8"?>
<coverage generated="1611351885298" clover="3.2.0">
  <project timestamp="1611351885298" name="All files">
    <metrics statements="24" coveredstatements="24" conditionals="13" coveredconditionals="12" methods="12" coveredmethods="12" elements="49" coveredelements="48" complexity="0" loc="24" ncloc="24" packages="1" files="1" classes="1"/>
    <file name="triangle.js" path="/Users/raulmac/git_repos/JS130/challenges/easy1/lib/triangle.js">
      <metrics statements="24" coveredstatements="24" conditionals="13" coveredconditionals="12" methods="12" coveredmethods="12"/>
      <line num="21" count="15" type="stmt"/>
      <line num="25" count="15" type="stmt"/>
      <line num="28" count="10" type="cond" truecount="2" falsecount="0"/>
      <line num="29" count="2" type="stmt"/>
      <line num="30" count="8" type="cond" truecount="2" falsecount="0"/>
      <line num="31" count="4" type="stmt"/>
      <line num="32" count="4" type="cond" truecount="1" falsecount="1"/>
      <line num="33" count="4" type="stmt"/>
      <line num="35" count="10" type="stmt"/>
      <line num="39" count="15" type="stmt"/>
      <line num="40" count="13" type="stmt"/>
      <line num="44" count="15" type="cond" truecount="2" falsecount="0"/>
      <line num="45" count="2" type="stmt"/>
      <line num="50" count="13" type="stmt"/>
      <line num="51" count="13" type="cond" truecount="2" falsecount="0"/>
      <line num="56" count="3" type="stmt"/>
      <line num="61" count="10" type="stmt"/>
      <line num="65" count="8" type="stmt"/>
      <line num="69" count="4" type="stmt"/>
      <line num="73" count="22" type="stmt"/>
      <line num="74" count="198" type="stmt"/>
      <line num="77" count="66" type="stmt"/>
      <line num="78" count="22" type="stmt"/>
      <line num="84" count="1" type="stmt"/>
    </file>
  </project>
</coverage>
