{"/Users/raulmac/git_repos/JS130/challenges/easy1/lib/triangle.js": {"path":"/Users/raulmac/git_repos/JS130/challenges/easy1/lib/triangle.js","statementMap":{"0":{"start":{"line":21,"column":4},"end":{"line":21,"column":39}},"1":{"start":{"line":25,"column":4},"end":{"line":25,"column":22}},"2":{"start":{"line":28,"column":4},"end":{"line":34,"column":5}},"3":{"start":{"line":29,"column":6},"end":{"line":29,"column":27}},"4":{"start":{"line":30,"column":11},"end":{"line":34,"column":5}},"5":{"start":{"line":31,"column":6},"end":{"line":31,"column":23}},"6":{"start":{"line":32,"column":11},"end":{"line":34,"column":5}},"7":{"start":{"line":33,"column":6},"end":{"line":33,"column":25}},"8":{"start":{"line":35,"column":4},"end":{"line":35,"column":16}},"9":{"start":{"line":39,"column":4},"end":{"line":39,"column":35}},"10":{"start":{"line":40,"column":4},"end":{"line":40,"column":27}},"11":{"start":{"line":44,"column":4},"end":{"line":46,"column":5}},"12":{"start":{"line":45,"column":6},"end":{"line":45,"column":61}},"13":{"start":{"line":50,"column":32},"end":{"line":50,"column":42}},"14":{"start":{"line":51,"column":4},"end":{"line":57,"column":5}},"15":{"start":{"line":56,"column":6},"end":{"line":56,"column":58}},"16":{"start":{"line":61,"column":4},"end":{"line":61,"column":43}},"17":{"start":{"line":65,"column":4},"end":{"line":65,"column":43}},"18":{"start":{"line":69,"column":4},"end":{"line":69,"column":42}},"19":{"start":{"line":73,"column":26},"end":{"line":75,"column":6}},"20":{"start":{"line":74,"column":6},"end":{"line":74,"column":57}},"21":{"start":{"line":74,"column":40},"end":{"line":74,"column":55}},"22":{"start":{"line":77,"column":41},"end":{"line":77,"column":84}},"23":{"start":{"line":77,"column":71},"end":{"line":77,"column":83}},"24":{"start":{"line":78,"column":4},"end":{"line":78,"column":55}},"25":{"start":{"line":84,"column":0},"end":{"line":84,"column":26}}},"fnMap":{"0":{"name":"(anonymous_0)","decl":{"start":{"line":20,"column":2},"end":{"line":20,"column":3}},"loc":{"start":{"line":20,"column":36},"end":{"line":22,"column":3}},"line":20},"1":{"name":"(anonymous_1)","decl":{"start":{"line":24,"column":2},"end":{"line":24,"column":3}},"loc":{"start":{"line":24,"column":9},"end":{"line":36,"column":3}},"line":24},"2":{"name":"(anonymous_2)","decl":{"start":{"line":38,"column":2},"end":{"line":38,"column":3}},"loc":{"start":{"line":38,"column":15},"end":{"line":41,"column":3}},"line":38},"3":{"name":"(anonymous_3)","decl":{"start":{"line":43,"column":2},"end":{"line":43,"column":3}},"loc":{"start":{"line":43,"column":28},"end":{"line":47,"column":3}},"line":43},"4":{"name":"(anonymous_4)","decl":{"start":{"line":49,"column":2},"end":{"line":49,"column":3}},"loc":{"start":{"line":49,"column":20},"end":{"line":58,"column":3}},"line":49},"5":{"name":"(anonymous_5)","decl":{"start":{"line":60,"column":2},"end":{"line":60,"column":3}},"loc":{"start":{"line":60,"column":18},"end":{"line":62,"column":3}},"line":60},"6":{"name":"(anonymous_6)","decl":{"start":{"line":64,"column":2},"end":{"line":64,"column":3}},"loc":{"start":{"line":64,"column":14},"end":{"line":66,"column":3}},"line":64},"7":{"name":"(anonymous_7)","decl":{"start":{"line":68,"column":2},"end":{"line":68,"column":3}},"loc":{"start":{"line":68,"column":16},"end":{"line":70,"column":3}},"line":68},"8":{"name":"(anonymous_8)","decl":{"start":{"line":72,"column":2},"end":{"line":72,"column":3}},"loc":{"start":{"line":72,"column":23},"end":{"line":79,"column":3}},"line":72},"9":{"name":"(anonymous_9)","decl":{"start":{"line":73,"column":41},"end":{"line":73,"column":42}},"loc":{"start":{"line":73,"column":50},"end":{"line":75,"column":5}},"line":73},"10":{"name":"(anonymous_10)","decl":{"start":{"line":74,"column":31},"end":{"line":74,"column":32}},"loc":{"start":{"line":74,"column":40},"end":{"line":74,"column":55}},"line":74},"11":{"name":"(anonymous_11)","decl":{"start":{"line":77,"column":62},"end":{"line":77,"column":63}},"loc":{"start":{"line":77,"column":71},"end":{"line":77,"column":83}},"line":77}},"branchMap":{"0":{"loc":{"start":{"line":28,"column":4},"end":{"line":34,"column":5}},"type":"if","locations":[{"start":{"line":28,"column":4},"end":{"line":34,"column":5}},{"start":{"line":28,"column":4},"end":{"line":34,"column":5}}],"line":28},"1":{"loc":{"start":{"line":30,"column":11},"end":{"line":34,"column":5}},"type":"if","locations":[{"start":{"line":30,"column":11},"end":{"line":34,"column":5}},{"start":{"line":30,"column":11},"end":{"line":34,"column":5}}],"line":30},"2":{"loc":{"start":{"line":32,"column":11},"end":{"line":34,"column":5}},"type":"if","locations":[{"start":{"line":32,"column":11},"end":{"line":34,"column":5}},{"start":{"line":32,"column":11},"end":{"line":34,"column":5}}],"line":32},"3":{"loc":{"start":{"line":44,"column":4},"end":{"line":46,"column":5}},"type":"if","locations":[{"start":{"line":44,"column":4},"end":{"line":46,"column":5}},{"start":{"line":44,"column":4},"end":{"line":46,"column":5}}],"line":44},"4":{"loc":{"start":{"line":51,"column":4},"end":{"line":57,"column":5}},"type":"if","locations":[{"start":{"line":51,"column":4},"end":{"line":57,"column":5}},{"start":{"line":51,"column":4},"end":{"line":57,"column":5}}],"line":51},"5":{"loc":{"start":{"line":52,"column":6},"end":{"line":54,"column":27}},"type":"binary-expr","locations":[{"start":{"line":52,"column":6},"end":{"line":52,"column":27}},{"start":{"line":53,"column":6},"end":{"line":53,"column":27}},{"start":{"line":54,"column":6},"end":{"line":54,"column":27}}],"line":52}},"s":{"0":15,"1":15,"2":10,"3":2,"4":8,"5":4,"6":4,"7":4,"8":10,"9":15,"10":13,"11":15,"12":2,"13":13,"14":13,"15":3,"16":10,"17":8,"18":4,"19":22,"20":66,"21":198,"22":22,"23":66,"24":22,"25":1},"f":{"0":15,"1":15,"2":15,"3":15,"4":13,"5":10,"6":8,"7":4,"8":22,"9":66,"10":198,"11":66},"b":{"0":[2,8],"1":[4,4],"2":[4,0],"3":[2,13],"4":[3,10],"5":[13,12,10]},"_coverageSchema":"1a1c01bbd47fc00a2c39e90264f33305004495a9","hash":"316a207764171cc2e38d4a326f4230172babbd11"}
}
