TN:
SF:lib/triangle.js
FN:20,(anonymous_0)
FN:24,(anonymous_1)
FN:38,(anonymous_2)
FN:43,(anonymous_3)
FN:49,(anonymous_4)
FN:60,(anonymous_5)
FN:64,(anonymous_6)
FN:68,(anonymous_7)
FN:72,(anonymous_8)
FN:73,(anonymous_9)
FN:74,(anonymous_10)
FN:77,(anonymous_11)
FNF:12
FNH:12
FNDA:15,(anonymous_0)
FNDA:15,(anonymous_1)
FNDA:15,(anonymous_2)
FNDA:15,(anonymous_3)
FNDA:13,(anonymous_4)
FNDA:10,(anonymous_5)
FNDA:8,(anonymous_6)
FNDA:4,(anonymous_7)
FNDA:22,(anonymous_8)
FNDA:66,(anonymous_9)
FNDA:198,(anonymous_10)
FNDA:66,(anonymous_11)
DA:21,15
DA:25,15
DA:28,10
DA:29,2
DA:30,8
DA:31,4
DA:32,4
DA:33,4
DA:35,10
DA:39,15
DA:40,13
DA:44,15
DA:45,2
DA:50,13
DA:51,13
DA:56,3
DA:61,10
DA:65,8
DA:69,4
DA:73,22
DA:74,198
DA:77,66
DA:78,22
DA:84,1
LF:24
LH:24
BRDA:28,0,0,2
BRDA:28,0,1,8
BRDA:30,1,0,4
BRDA:30,1,1,4
BRDA:32,2,0,4
BRDA:32,2,1,0
BRDA:44,3,0,2
BRDA:44,3,1,13
BRDA:51,4,0,3
BRDA:51,4,1,10
BRDA:52,5,0,13
BRDA:52,5,1,12
BRDA:52,5,2,10
BRF:13
BRH:12
end_of_record
